<?xml version="1.0" encoding="UTF-8"?>
<!-- Generated by org.testng.reporters.JUnitReportReporter -->
<testsuite skipped="0" hostname="LAPTOP-4B5O6JPV" name="com.neuron.qa.testcase.CallTypeMasterTest" tests="1" failures="0" timestamp="2020-11-24T17:25:11 IST" time="73.409" errors="0">
  <testcase name="sampleTestingg" time="73.409" classname="com.neuron.qa.testcase.CallTypeMasterTest"/>
  <system-out/>
</testsuite> <!-- com.neuron.qa.testcase.CallTypeMasterTest -->
